<?xml version="1.0" encoding="UTF-8"?>
<testng-results ignored="0" total="1" passed="1" failed="0" skipped="0">
  <reporter-output>
  </reporter-output>
  <suite started-at="2019-04-28T01:41:30Z" name="Default suite" finished-at="2019-04-28T01:42:14Z" duration-ms="43552">
    <groups>
    </groups>
    <test started-at="2019-04-28T01:41:30Z" name="Default test" finished-at="2019-04-28T01:42:14Z" duration-ms="43552">
      <class name="HashPack.HashFreeCRMTest">
        <test-method is-config="true" signature="setUp()[pri:0, instance:HashPack.HashFreeCRMTest@b3ca52e]" started-at="2019-04-28T01:41:31Z" name="setUp" finished-at="2019-04-28T01:41:55Z" duration-ms="24581" status="PASS">
          <reporter-output>
          </reporter-output>
        </test-method> <!-- setUp -->
        <test-method signature="loginfreecrm()[pri:0, instance:HashPack.HashFreeCRMTest@b3ca52e]" started-at="2019-04-28T01:41:55Z" name="loginfreecrm" finished-at="2019-04-28T01:42:12Z" duration-ms="17357" status="PASS">
          <reporter-output>
          </reporter-output>
        </test-method> <!-- loginfreecrm -->
        <test-method is-config="true" signature="tearDown()[pri:0, instance:HashPack.HashFreeCRMTest@b3ca52e]" started-at="2019-04-28T01:42:12Z" name="tearDown" finished-at="2019-04-28T01:42:14Z" duration-ms="1522" status="PASS">
          <reporter-output>
          </reporter-output>
        </test-method> <!-- tearDown -->
      </class> <!-- HashPack.HashFreeCRMTest -->
    </test> <!-- Default test -->
  </suite> <!-- Default suite -->
</testng-results>
